<?xml version="1.0" encoding="UTF-8"?>
<!-- Generated by org.testng.reporters.JUnitXMLReporter -->
<testsuite ignored="0" hostname="LAPTOP-0U18I7A7" failures="0" tests="2" name="Default test" time="29.598" errors="0" timestamp="2024-12-09T22:58:35 GMT-05:00">
  <testcase classname="com.SwagLabs.TestCases.FinishPageTestCase" name="VerifyFinishButtonStatus1" time="0.037"/>
  <testcase classname="com.SwagLabs.TestCases.FinishPageTestCase" name="VerifyFinishButtonStatus2" time="0.035"/>
</testsuite> <!-- Default test -->
