<?xml version="1.0" encoding="UTF-8"?>
<!-- Generated by org.testng.reporters.JUnitXMLReporter -->
<testsuite ignored="0" hostname="LAPTOP-0U18I7A7" failures="0" tests="2" name="CheckOutPageTestCases" time="10.235" errors="0" timestamp="2024-12-09T23:13:19 GMT-05:00">
  <testcase classname="com.SwagLabs.TestCases.CheckOutPageTestCases" name="AddCustDetails" time="3.245"/>
  <testcase classname="com.SwagLabs.TestCases.CheckOutPageTestCases" name="VerifyContinueCheckOut" time="0.214"/>
</testsuite> <!-- CheckOutPageTestCases -->
