<?xml version="1.0" encoding="UTF-8"?>
<!-- Generated by org.testng.reporters.JUnitXMLReporter -->
<testsuite ignored="0" hostname="LAPTOP-0U18I7A7" failures="0" tests="3" name="Cart" time="10.011" errors="0" timestamp="2024-12-13T11:06:53 GMT-05:00">
  <testcase classname="com.SwagLabs.TestCases.CartPageTestCase" name="ValidateRemovebutton" time="0.244"/>
  <testcase classname="com.SwagLabs.TestCases.CartPageTestCase" name="ValidateContinueShopping" time="0.945"/>
  <testcase classname="com.SwagLabs.TestCases.CartPageTestCase" name="ValidateCheckout" time="0.272"/>
</testsuite> <!-- Cart -->
