<?xml version="1.0" encoding="UTF-8"?>
<!-- Generated by org.testng.reporters.JUnitXMLReporter -->
<testsuite ignored="0" hostname="LAPTOP-0U18I7A7" failures="0" tests="3" name="Cart" time="5.27" errors="0" timestamp="2024-12-16T09:52:20 GMT-05:00">
  <testcase classname="com.SwagLabs.TestCases.CartPageTestCase" name="ValidateRemovebutton" time="0.098"/>
  <testcase classname="com.SwagLabs.TestCases.CartPageTestCase" name="ValidateContinueShopping" time="0.587"/>
  <testcase classname="com.SwagLabs.TestCases.CartPageTestCase" name="ValidateCheckout" time="0.196"/>
</testsuite> <!-- Cart -->
