<?xml version="1.0" encoding="UTF-8"?>
<!-- Generated by org.testng.reporters.JUnitXMLReporter -->
<testsuite ignored="0" hostname="LAPTOP-0U18I7A7" failures="0" tests="2" name="ChekOutPageOverviewTestCases" time="9.004" errors="0" timestamp="2024-12-16T09:52:37 GMT-05:00">
  <testcase classname="com.SwagLabs.TestCases.ChekOutPageOverviewTestCases" name="validateProductnameoncheckout" time="0.025"/>
  <testcase classname="com.SwagLabs.TestCases.ChekOutPageOverviewTestCases" name="clickonFinishbtn" time="0.394"/>
</testsuite> <!-- ChekOutPageOverviewTestCases -->
