<?xml version="1.0" encoding="UTF-8"?>
<!-- Generated by org.testng.reporters.JUnitXMLReporter -->
<testsuite ignored="0" hostname="LAPTOP-0U18I7A7" failures="0" tests="4" name="Inventory" time="10.397" errors="0" timestamp="2024-12-13T11:06:43 GMT-05:00">
  <testcase classname="com.SwagLabs.TestCases.InventoryPageTestCase" name="Verifyproductcounttestcase" time="0.093"/>
  <testcase classname="com.SwagLabs.TestCases.InventoryPageTestCase" name="VerifyProductName" time="0.188"/>
  <testcase classname="com.SwagLabs.TestCases.InventoryPageTestCase" name="validateAddToCartPage" time="0.604"/>
  <testcase classname="com.SwagLabs.TestCases.InventoryPageTestCase" name="validateOpenCartPage" time="0.469"/>
</testsuite> <!-- Inventory -->
