<?xml version="1.0" encoding="UTF-8"?>
<!-- Generated by org.testng.reporters.JUnitXMLReporter -->
<testsuite ignored="0" hostname="LAPTOP-0U18I7A7" failures="0" tests="4" name="Inventory" time="4.61" errors="0" timestamp="2024-12-16T09:52:15 GMT-05:00">
  <testcase classname="com.SwagLabs.TestCases.InventoryPageTestCase" name="Verifyproductcounttestcase" time="0.213"/>
  <testcase classname="com.SwagLabs.TestCases.InventoryPageTestCase" name="VerifyProductName" time="0.077"/>
  <testcase classname="com.SwagLabs.TestCases.InventoryPageTestCase" name="validateAddToCartPage" time="0.296"/>
  <testcase classname="com.SwagLabs.TestCases.InventoryPageTestCase" name="validateOpenCartPage" time="0.165"/>
</testsuite> <!-- Inventory -->
