<?xml version="1.0" encoding="UTF-8"?>
<!-- Generated by org.testng.reporters.JUnitXMLReporter -->
<testsuite ignored="0" hostname="LAPTOP-0U18I7A7" failures="0" tests="3" name="Login" time="5.363" errors="0" timestamp="2024-12-16T09:52:10 GMT-05:00">
  <testcase classname="com.SwagLabs.TestCases.LoginPageTestCases" name="validateURL" time="0.015"/>
  <testcase classname="com.SwagLabs.TestCases.LoginPageTestCases" name="validateTitle" time="0.008"/>
  <testcase classname="com.SwagLabs.TestCases.LoginPageTestCases" name="validateLogin" time="0.913"/>
</testsuite> <!-- Login -->
