<?xml version="1.0" encoding="UTF-8"?>
<testng-results ignored="0" total="15" passed="15" failed="0" skipped="0">
  <reporter-output>
  </reporter-output>
  <suite started-at="2024-12-13T11:06:18 GMT-05:00" name="Suite" finished-at="2024-12-13T11:07:48 GMT-05:00" duration-ms="89682">
    <groups>
    </groups>
    <test started-at="2024-12-13T11:06:18 GMT-05:00" name="Login" finished-at="2024-12-13T11:06:32 GMT-05:00" duration-ms="13855">
      <class name="com.SwagLabs.TestCases.LoginPageTestCases">
        <test-method is-config="true" signature="setup()[pri:0, instance:com.SwagLabs.TestCases.LoginPageTestCases@192d43ce]" started-at="2024-12-13T11:06:18 GMT-05:00" name="setup" finished-at="2024-12-13T11:06:29 GMT-05:00" duration-ms="10036" status="PASS">
          <reporter-output>
          </reporter-output>
        </test-method> <!-- setup -->
        <test-method signature="validateURL()[pri:1, instance:com.SwagLabs.TestCases.LoginPageTestCases@192d43ce]" started-at="2024-12-13T11:06:29 GMT-05:00" name="validateURL" finished-at="2024-12-13T11:06:29 GMT-05:00" duration-ms="42" status="PASS">
          <reporter-output>
          </reporter-output>
        </test-method> <!-- validateURL -->
        <test-method signature="validateTitle()[pri:2, instance:com.SwagLabs.TestCases.LoginPageTestCases@192d43ce]" started-at="2024-12-13T11:06:29 GMT-05:00" name="validateTitle" finished-at="2024-12-13T11:06:29 GMT-05:00" duration-ms="18" status="PASS">
          <reporter-output>
          </reporter-output>
        </test-method> <!-- validateTitle -->
        <test-method signature="validateLogin()[pri:3, instance:com.SwagLabs.TestCases.LoginPageTestCases@192d43ce]" started-at="2024-12-13T11:06:29 GMT-05:00" name="validateLogin" finished-at="2024-12-13T11:06:30 GMT-05:00" duration-ms="1705" status="PASS">
          <reporter-output>
          </reporter-output>
        </test-method> <!-- validateLogin -->
        <test-method is-config="true" signature="aftertest()[pri:0, instance:com.SwagLabs.TestCases.LoginPageTestCases@192d43ce]" started-at="2024-12-13T11:06:30 GMT-05:00" name="aftertest" finished-at="2024-12-13T11:06:32 GMT-05:00" duration-ms="1951" status="PASS">
          <reporter-output>
          </reporter-output>
        </test-method> <!-- aftertest -->
      </class> <!-- com.SwagLabs.TestCases.LoginPageTestCases -->
    </test> <!-- Login -->
    <test started-at="2024-12-13T11:06:32 GMT-05:00" name="Inventory" finished-at="2024-12-13T11:06:43 GMT-05:00" duration-ms="10397">
      <class name="com.SwagLabs.TestCases.InventoryPageTestCase">
        <test-method is-config="true" signature="setup()[pri:0, instance:com.SwagLabs.TestCases.InventoryPageTestCase@2d7275fc]" started-at="2024-12-13T11:06:32 GMT-05:00" name="setup" finished-at="2024-12-13T11:06:38 GMT-05:00" duration-ms="5819" status="PASS">
          <reporter-output>
          </reporter-output>
        </test-method> <!-- setup -->
        <test-method is-config="true" signature="pagesetup()[pri:0, instance:com.SwagLabs.TestCases.InventoryPageTestCase@2d7275fc]" started-at="2024-12-13T11:06:38 GMT-05:00" name="pagesetup" finished-at="2024-12-13T11:06:40 GMT-05:00" duration-ms="1738" status="PASS">
          <reporter-output>
          </reporter-output>
        </test-method> <!-- pagesetup -->
        <test-method signature="Verifyproductcounttestcase()[pri:1, instance:com.SwagLabs.TestCases.InventoryPageTestCase@2d7275fc]" started-at="2024-12-13T11:06:40 GMT-05:00" name="Verifyproductcounttestcase" finished-at="2024-12-13T11:06:40 GMT-05:00" duration-ms="93" status="PASS">
          <reporter-output>
          </reporter-output>
        </test-method> <!-- Verifyproductcounttestcase -->
        <test-method signature="VerifyProductName()[pri:2, instance:com.SwagLabs.TestCases.InventoryPageTestCase@2d7275fc]" started-at="2024-12-13T11:06:40 GMT-05:00" name="VerifyProductName" finished-at="2024-12-13T11:06:40 GMT-05:00" duration-ms="188" status="PASS">
          <reporter-output>
          </reporter-output>
        </test-method> <!-- VerifyProductName -->
        <test-method signature="validateAddToCartPage()[pri:3, instance:com.SwagLabs.TestCases.InventoryPageTestCase@2d7275fc]" started-at="2024-12-13T11:06:40 GMT-05:00" name="validateAddToCartPage" finished-at="2024-12-13T11:06:41 GMT-05:00" duration-ms="604" status="PASS">
          <reporter-output>
          </reporter-output>
        </test-method> <!-- validateAddToCartPage -->
        <test-method signature="validateOpenCartPage()[pri:4, instance:com.SwagLabs.TestCases.InventoryPageTestCase@2d7275fc]" started-at="2024-12-13T11:06:41 GMT-05:00" name="validateOpenCartPage" finished-at="2024-12-13T11:06:41 GMT-05:00" duration-ms="469" status="PASS">
          <reporter-output>
          </reporter-output>
        </test-method> <!-- validateOpenCartPage -->
        <test-method is-config="true" signature="aftertest()[pri:0, instance:com.SwagLabs.TestCases.InventoryPageTestCase@2d7275fc]" started-at="2024-12-13T11:06:41 GMT-05:00" name="aftertest" finished-at="2024-12-13T11:06:43 GMT-05:00" duration-ms="1466" status="PASS">
          <reporter-output>
          </reporter-output>
        </test-method> <!-- aftertest -->
      </class> <!-- com.SwagLabs.TestCases.InventoryPageTestCase -->
    </test> <!-- Inventory -->
    <test started-at="2024-12-13T11:06:43 GMT-05:00" name="Cart" finished-at="2024-12-13T11:06:53 GMT-05:00" duration-ms="10011">
      <class name="com.SwagLabs.TestCases.CartPageTestCase">
        <test-method is-config="true" signature="setup()[pri:0, instance:com.SwagLabs.TestCases.CartPageTestCase@77847718]" started-at="2024-12-13T11:06:43 GMT-05:00" name="setup" finished-at="2024-12-13T11:06:48 GMT-05:00" duration-ms="5048" status="PASS">
          <reporter-output>
          </reporter-output>
        </test-method> <!-- setup -->
        <test-method is-config="true" signature="pagesetup()[pri:0, instance:com.SwagLabs.TestCases.CartPageTestCase@77847718]" started-at="2024-12-13T11:06:48 GMT-05:00" name="pagesetup" finished-at="2024-12-13T11:06:50 GMT-05:00" duration-ms="2134" status="PASS">
          <reporter-output>
          </reporter-output>
        </test-method> <!-- pagesetup -->
        <test-method signature="ValidateRemovebutton()[pri:1, instance:com.SwagLabs.TestCases.CartPageTestCase@77847718]" started-at="2024-12-13T11:06:50 GMT-05:00" name="ValidateRemovebutton" finished-at="2024-12-13T11:06:50 GMT-05:00" duration-ms="244" status="PASS">
          <reporter-output>
          </reporter-output>
        </test-method> <!-- ValidateRemovebutton -->
        <test-method signature="ValidateContinueShopping()[pri:2, instance:com.SwagLabs.TestCases.CartPageTestCase@77847718]" started-at="2024-12-13T11:06:50 GMT-05:00" name="ValidateContinueShopping" finished-at="2024-12-13T11:06:51 GMT-05:00" duration-ms="945" status="PASS">
          <reporter-output>
          </reporter-output>
        </test-method> <!-- ValidateContinueShopping -->
        <test-method signature="ValidateCheckout()[pri:3, instance:com.SwagLabs.TestCases.CartPageTestCase@77847718]" started-at="2024-12-13T11:06:51 GMT-05:00" name="ValidateCheckout" finished-at="2024-12-13T11:06:51 GMT-05:00" duration-ms="272" status="PASS">
          <reporter-output>
          </reporter-output>
        </test-method> <!-- ValidateCheckout -->
        <test-method is-config="true" signature="aftertest()[pri:0, instance:com.SwagLabs.TestCases.CartPageTestCase@77847718]" started-at="2024-12-13T11:06:51 GMT-05:00" name="aftertest" finished-at="2024-12-13T11:06:53 GMT-05:00" duration-ms="1361" status="PASS">
          <reporter-output>
          </reporter-output>
        </test-method> <!-- aftertest -->
      </class> <!-- com.SwagLabs.TestCases.CartPageTestCase -->
    </test> <!-- Cart -->
    <test started-at="2024-12-13T11:06:53 GMT-05:00" name="CheckOutPageTestCases" finished-at="2024-12-13T11:07:04 GMT-05:00" duration-ms="11624">
      <class name="com.SwagLabs.TestCases.CheckOutPageTestCases">
        <test-method is-config="true" signature="setup()[pri:0, instance:com.SwagLabs.TestCases.CheckOutPageTestCases@35e2d654]" started-at="2024-12-13T11:06:53 GMT-05:00" name="setup" finished-at="2024-12-13T11:06:57 GMT-05:00" duration-ms="4277" status="PASS">
          <reporter-output>
          </reporter-output>
        </test-method> <!-- setup -->
        <test-method is-config="true" signature="pagesetup()[pri:0, instance:com.SwagLabs.TestCases.CheckOutPageTestCases@35e2d654]" started-at="2024-12-13T11:06:57 GMT-05:00" name="pagesetup" finished-at="2024-12-13T11:06:59 GMT-05:00" depends-on-methods="com.SwagLabs.TestCases.BaseClass.setup" duration-ms="2020" status="PASS">
          <reporter-output>
          </reporter-output>
        </test-method> <!-- pagesetup -->
        <test-method signature="AddCustDetails()[pri:1, instance:com.SwagLabs.TestCases.CheckOutPageTestCases@35e2d654]" started-at="2024-12-13T11:06:59 GMT-05:00" name="AddCustDetails" finished-at="2024-12-13T11:07:02 GMT-05:00" duration-ms="3356" status="PASS">
          <reporter-output>
          </reporter-output>
        </test-method> <!-- AddCustDetails -->
        <test-method signature="VerifyContinueCheckOut()[pri:2, instance:com.SwagLabs.TestCases.CheckOutPageTestCases@35e2d654]" started-at="2024-12-13T11:07:02 GMT-05:00" name="VerifyContinueCheckOut" finished-at="2024-12-13T11:07:03 GMT-05:00" duration-ms="358" status="PASS">
          <reporter-output>
          </reporter-output>
        </test-method> <!-- VerifyContinueCheckOut -->
        <test-method is-config="true" signature="aftertest()[pri:0, instance:com.SwagLabs.TestCases.CheckOutPageTestCases@35e2d654]" started-at="2024-12-13T11:07:03 GMT-05:00" name="aftertest" finished-at="2024-12-13T11:07:04 GMT-05:00" duration-ms="1608" status="PASS">
          <reporter-output>
          </reporter-output>
        </test-method> <!-- aftertest -->
      </class> <!-- com.SwagLabs.TestCases.CheckOutPageTestCases -->
    </test> <!-- CheckOutPageTestCases -->
    <test started-at="2024-12-13T11:07:04 GMT-05:00" name="ChekOutPageOverviewTestCases" finished-at="2024-12-13T11:07:17 GMT-05:00" duration-ms="12265">
      <class name="com.SwagLabs.TestCases.ChekOutPageOverviewTestCases">
        <test-method is-config="true" signature="setup()[pri:0, instance:com.SwagLabs.TestCases.ChekOutPageOverviewTestCases@130d63be]" started-at="2024-12-13T11:07:04 GMT-05:00" name="setup" finished-at="2024-12-13T11:07:09 GMT-05:00" duration-ms="4229" status="PASS">
          <reporter-output>
          </reporter-output>
        </test-method> <!-- setup -->
        <test-method is-config="true" signature="pagesetup()[pri:0, instance:com.SwagLabs.TestCases.ChekOutPageOverviewTestCases@130d63be]" started-at="2024-12-13T11:07:09 GMT-05:00" name="pagesetup" finished-at="2024-12-13T11:07:15 GMT-05:00" depends-on-methods="com.SwagLabs.TestCases.BaseClass.setup" duration-ms="6082" status="PASS">
          <reporter-output>
          </reporter-output>
        </test-method> <!-- pagesetup -->
        <test-method signature="validateProductnameoncheckout()[pri:1, instance:com.SwagLabs.TestCases.ChekOutPageOverviewTestCases@130d63be]" started-at="2024-12-13T11:07:15 GMT-05:00" name="validateProductnameoncheckout" finished-at="2024-12-13T11:07:15 GMT-05:00" duration-ms="28" status="PASS">
          <reporter-output>
          </reporter-output>
        </test-method> <!-- validateProductnameoncheckout -->
        <test-method signature="clickonFinishbtn()[pri:2, instance:com.SwagLabs.TestCases.ChekOutPageOverviewTestCases@130d63be]" started-at="2024-12-13T11:07:15 GMT-05:00" name="clickonFinishbtn" finished-at="2024-12-13T11:07:15 GMT-05:00" duration-ms="416" status="PASS">
          <reporter-output>
          </reporter-output>
        </test-method> <!-- clickonFinishbtn -->
        <test-method is-config="true" signature="aftertest()[pri:0, instance:com.SwagLabs.TestCases.ChekOutPageOverviewTestCases@130d63be]" started-at="2024-12-13T11:07:15 GMT-05:00" name="aftertest" finished-at="2024-12-13T11:07:17 GMT-05:00" duration-ms="1506" status="PASS">
          <reporter-output>
          </reporter-output>
        </test-method> <!-- aftertest -->
      </class> <!-- com.SwagLabs.TestCases.ChekOutPageOverviewTestCases -->
    </test> <!-- ChekOutPageOverviewTestCases -->
    <test started-at="2024-12-13T11:07:17 GMT-05:00" name="Finish" finished-at="2024-12-13T11:07:48 GMT-05:00" duration-ms="31466">
      <class name="com.SwagLabs.TestCases.FinishPageTestCase">
        <test-method is-config="true" signature="setup()[pri:0, instance:com.SwagLabs.TestCases.FinishPageTestCase@74f0ea28]" started-at="2024-12-13T11:07:17 GMT-05:00" name="setup" finished-at="2024-12-13T11:07:22 GMT-05:00" duration-ms="5126" status="PASS">
          <reporter-output>
          </reporter-output>
        </test-method> <!-- setup -->
        <test-method is-config="true" signature="pagesetup()[pri:0, instance:com.SwagLabs.TestCases.FinishPageTestCase@74f0ea28]" started-at="2024-12-13T11:07:22 GMT-05:00" name="pagesetup" finished-at="2024-12-13T11:07:46 GMT-05:00" depends-on-methods="com.SwagLabs.TestCases.BaseClass.setup" duration-ms="24534" status="PASS">
          <reporter-output>
          </reporter-output>
        </test-method> <!-- pagesetup -->
        <test-method signature="VerifyFinishButtonStatus1()[pri:0, instance:com.SwagLabs.TestCases.FinishPageTestCase@74f0ea28]" started-at="2024-12-13T11:07:46 GMT-05:00" name="VerifyFinishButtonStatus1" finished-at="2024-12-13T11:07:47 GMT-05:00" duration-ms="198" status="PASS">
          <reporter-output>
          </reporter-output>
        </test-method> <!-- VerifyFinishButtonStatus1 -->
        <test-method is-config="true" signature="aftertest()[pri:0, instance:com.SwagLabs.TestCases.FinishPageTestCase@74f0ea28]" started-at="2024-12-13T11:07:47 GMT-05:00" name="aftertest" finished-at="2024-12-13T11:07:48 GMT-05:00" duration-ms="1606" status="PASS">
          <reporter-output>
          </reporter-output>
        </test-method> <!-- aftertest -->
      </class> <!-- com.SwagLabs.TestCases.FinishPageTestCase -->
    </test> <!-- Finish -->
  </suite> <!-- Suite -->
</testng-results>
