<?xml version="1.0" encoding="UTF-8"?>
<testsuite xmlns:xsi="http://www.w3.org/2001/XMLSchema-instance" xsi:noNamespaceSchemaLocation="https://maven.apache.org/surefire/maven-surefire-plugin/xsd/surefire-test-report.xsd" version="3.0.2" name="TestSuite" time="59.853" tests="15" errors="0" skipped="0" failures="0">
  <properties>
[...]
</properties>
  <testcase name="validateURL" classname="com.SwagLabs.TestCases.LoginPageTestCases" time="0.016">
    <system-out><![CDATA[Test Case Passed..ActURL is : https://www.saucedemo.com/v1/
]]></system-out>
    <system-err><![CDATA[SLF4J: Failed to load class "org.slf4j.impl.StaticLoggerBinder".
SLF4J: Defaulting to no-operation (NOP) logger implementation
SLF4J: See http://www.slf4j.org/codes.html#StaticLoggerBinder for further details.
Dec 16, 2024 9:52:07 AM org.openqa.selenium.devtools.CdpVersionFinder findNearestMatch
WARNING: Unable to find an exact match for CDP version 131, returning the closest version; found: 130; Please update to a Selenium version that supports CDP version 131
]]></system-err>
  </testcase>
  <testcase name="validateTitle" classname="com.SwagLabs.TestCases.LoginPageTestCases" time="0.009">
    <system-out><![CDATA[Test Case Passed..ActTitle is : Swag Labs
]]></system-out>
  </testcase>
  <testcase name="validateLogin" classname="com.SwagLabs.TestCases.LoginPageTestCases" time="0.913">
    <system-out><![CDATA[Test Case Passed..Login Successful.. : https://www.saucedemo.com/v1/inventory.html
]]></system-out>
  </testcase>
  <testcase name="Verifyproductcounttestcase" classname="com.SwagLabs.TestCases.InventoryPageTestCase" time="0.217">
    <system-out><![CDATA[Products count matched
]]></system-out>
    <system-err><![CDATA[Dec 16, 2024 9:52:12 AM org.openqa.selenium.devtools.CdpVersionFinder findNearestMatch
WARNING: Unable to find an exact match for CDP version 131, returning the closest version; found: 130; Please update to a Selenium version that supports CDP version 131
]]></system-err>
  </testcase>
  <testcase name="VerifyProductName" classname="com.SwagLabs.TestCases.InventoryPageTestCase" time="0.078">
    <system-out><![CDATA[Sauce Labs Backpack
Sauce Labs Bike Light
Sauce Labs Bolt T-Shirt
Sauce Labs Fleece Jacket
Sauce Labs Onesie
Test.allTheThings() T-Shirt (Red)
]]></system-out>
  </testcase>
  <testcase name="validateAddToCartPage" classname="com.SwagLabs.TestCases.InventoryPageTestCase" time="0.293">
    <system-out><![CDATA[Product added to CartSauce Labs Fleece Jacket
]]></system-out>
  </testcase>
  <testcase name="validateOpenCartPage" classname="com.SwagLabs.TestCases.InventoryPageTestCase" time="0.162"/>
  <testcase name="ValidateRemovebutton" classname="com.SwagLabs.TestCases.CartPageTestCase" time="0.097">
    <system-out><![CDATA[Product added to CartSauce Labs Fleece Jacket
Product to be Removed: Sauce Labs Fleece Jacket
Product removed Successfully: Sauce Labs Fleece Jacket
]]></system-out>
    <system-err><![CDATA[Dec 16, 2024 9:52:16 AM org.openqa.selenium.devtools.CdpVersionFinder findNearestMatch
WARNING: Unable to find an exact match for CDP version 131, returning the closest version; found: 130; Please update to a Selenium version that supports CDP version 131
]]></system-err>
  </testcase>
  <testcase name="ValidateContinueShopping" classname="com.SwagLabs.TestCases.CartPageTestCase" time="0.587">
    <system-out><![CDATA[Product added to CartSauce Labs Bolt T-Shirt
]]></system-out>
  </testcase>
  <testcase name="ValidateCheckout" classname="com.SwagLabs.TestCases.CartPageTestCase" time="0.195"/>
  <testcase name="AddCustDetails" classname="com.SwagLabs.TestCases.CheckOutPageTestCases" time="3.234">
    <system-out><![CDATA[Product added to CartSauce Labs Fleece Jacket
Details Entered successfuly
]]></system-out>
    <system-err><![CDATA[Dec 16, 2024 9:52:22 AM org.openqa.selenium.devtools.CdpVersionFinder findNearestMatch
WARNING: Unable to find an exact match for CDP version 131, returning the closest version; found: 130; Please update to a Selenium version that supports CDP version 131
]]></system-err>
  </testcase>
  <testcase name="VerifyContinueCheckOut" classname="com.SwagLabs.TestCases.CheckOutPageTestCases" time="0.282"/>
  <testcase name="validateProductnameoncheckout" classname="com.SwagLabs.TestCases.ChekOutPageOverviewTestCases" time="0.025">
    <system-out><![CDATA[Product added to CartSauce Labs Fleece Jacket
Product Name on checkout matched, product selected is Sauce Labs Fleece Jacket
]]></system-out>
    <system-err><![CDATA[Dec 16, 2024 9:52:30 AM org.openqa.selenium.devtools.CdpVersionFinder findNearestMatch
WARNING: Unable to find an exact match for CDP version 131, returning the closest version; found: 130; Please update to a Selenium version that supports CDP version 131
]]></system-err>
  </testcase>
  <testcase name="clickonFinishbtn" classname="com.SwagLabs.TestCases.ChekOutPageOverviewTestCases" time="0.394"/>
  <testcase name="VerifyFinishButtonStatus1" classname="com.SwagLabs.TestCases.FinishPageTestCase" time="0.157">
    <system-out><![CDATA[Product added to CartSauce Labs Fleece Jacket
]]></system-out>
    <system-err><![CDATA[Dec 16, 2024 9:52:39 AM org.openqa.selenium.devtools.CdpVersionFinder findNearestMatch
WARNING: Unable to find an exact match for CDP version 131, returning the closest version; found: 130; Please update to a Selenium version that supports CDP version 131
]]></system-err>
  </testcase>
</testsuite>