<?xml version="1.0" encoding="UTF-8"?>
<testng-results ignored="0" total="15" passed="15" failed="0" skipped="0">
  <reporter-output>
  </reporter-output>
  <suite started-at="2024-12-16T09:52:05 GMT-05:00" name="Suite" finished-at="2024-12-16T09:53:04 GMT-05:00" duration-ms="59047">
    <groups>
    </groups>
    <test started-at="2024-12-16T09:52:05 GMT-05:00" name="Login" finished-at="2024-12-16T09:52:10 GMT-05:00" duration-ms="5363">
      <class name="com.SwagLabs.TestCases.LoginPageTestCases">
        <test-method is-config="true" signature="setup()[pri:0, instance:com.SwagLabs.TestCases.LoginPageTestCases@55b7a4e0]" started-at="2024-12-16T09:52:05 GMT-05:00" name="setup" finished-at="2024-12-16T09:52:08 GMT-05:00" duration-ms="3010" status="PASS">
          <reporter-output>
          </reporter-output>
        </test-method> <!-- setup -->
        <test-method signature="validateURL()[pri:1, instance:com.SwagLabs.TestCases.LoginPageTestCases@55b7a4e0]" started-at="2024-12-16T09:52:08 GMT-05:00" name="validateURL" finished-at="2024-12-16T09:52:08 GMT-05:00" duration-ms="15" status="PASS">
          <reporter-output>
          </reporter-output>
        </test-method> <!-- validateURL -->
        <test-method signature="validateTitle()[pri:2, instance:com.SwagLabs.TestCases.LoginPageTestCases@55b7a4e0]" started-at="2024-12-16T09:52:08 GMT-05:00" name="validateTitle" finished-at="2024-12-16T09:52:08 GMT-05:00" duration-ms="8" status="PASS">
          <reporter-output>
          </reporter-output>
        </test-method> <!-- validateTitle -->
        <test-method signature="validateLogin()[pri:3, instance:com.SwagLabs.TestCases.LoginPageTestCases@55b7a4e0]" started-at="2024-12-16T09:52:08 GMT-05:00" name="validateLogin" finished-at="2024-12-16T09:52:09 GMT-05:00" duration-ms="913" status="PASS">
          <reporter-output>
          </reporter-output>
        </test-method> <!-- validateLogin -->
        <test-method is-config="true" signature="aftertest()[pri:0, instance:com.SwagLabs.TestCases.LoginPageTestCases@55b7a4e0]" started-at="2024-12-16T09:52:09 GMT-05:00" name="aftertest" finished-at="2024-12-16T09:52:10 GMT-05:00" duration-ms="1351" status="PASS">
          <reporter-output>
          </reporter-output>
        </test-method> <!-- aftertest -->
      </class> <!-- com.SwagLabs.TestCases.LoginPageTestCases -->
    </test> <!-- Login -->
    <test started-at="2024-12-16T09:52:10 GMT-05:00" name="Inventory" finished-at="2024-12-16T09:52:15 GMT-05:00" duration-ms="4610">
      <class name="com.SwagLabs.TestCases.InventoryPageTestCase">
        <test-method is-config="true" signature="setup()[pri:0, instance:com.SwagLabs.TestCases.InventoryPageTestCase@595b007d]" started-at="2024-12-16T09:52:10 GMT-05:00" name="setup" finished-at="2024-12-16T09:52:12 GMT-05:00" duration-ms="1848" status="PASS">
          <reporter-output>
          </reporter-output>
        </test-method> <!-- setup -->
        <test-method is-config="true" signature="pagesetup()[pri:0, instance:com.SwagLabs.TestCases.InventoryPageTestCase@595b007d]" started-at="2024-12-16T09:52:12 GMT-05:00" name="pagesetup" finished-at="2024-12-16T09:52:13 GMT-05:00" duration-ms="690" status="PASS">
          <reporter-output>
          </reporter-output>
        </test-method> <!-- pagesetup -->
        <test-method signature="Verifyproductcounttestcase()[pri:1, instance:com.SwagLabs.TestCases.InventoryPageTestCase@595b007d]" started-at="2024-12-16T09:52:13 GMT-05:00" name="Verifyproductcounttestcase" finished-at="2024-12-16T09:52:13 GMT-05:00" duration-ms="213" status="PASS">
          <reporter-output>
          </reporter-output>
        </test-method> <!-- Verifyproductcounttestcase -->
        <test-method signature="VerifyProductName()[pri:2, instance:com.SwagLabs.TestCases.InventoryPageTestCase@595b007d]" started-at="2024-12-16T09:52:13 GMT-05:00" name="VerifyProductName" finished-at="2024-12-16T09:52:13 GMT-05:00" duration-ms="77" status="PASS">
          <reporter-output>
          </reporter-output>
        </test-method> <!-- VerifyProductName -->
        <test-method signature="validateAddToCartPage()[pri:3, instance:com.SwagLabs.TestCases.InventoryPageTestCase@595b007d]" started-at="2024-12-16T09:52:13 GMT-05:00" name="validateAddToCartPage" finished-at="2024-12-16T09:52:13 GMT-05:00" duration-ms="296" status="PASS">
          <reporter-output>
          </reporter-output>
        </test-method> <!-- validateAddToCartPage -->
        <test-method signature="validateOpenCartPage()[pri:4, instance:com.SwagLabs.TestCases.InventoryPageTestCase@595b007d]" started-at="2024-12-16T09:52:13 GMT-05:00" name="validateOpenCartPage" finished-at="2024-12-16T09:52:14 GMT-05:00" duration-ms="165" status="PASS">
          <reporter-output>
          </reporter-output>
        </test-method> <!-- validateOpenCartPage -->
        <test-method is-config="true" signature="aftertest()[pri:0, instance:com.SwagLabs.TestCases.InventoryPageTestCase@595b007d]" started-at="2024-12-16T09:52:14 GMT-05:00" name="aftertest" finished-at="2024-12-16T09:52:15 GMT-05:00" duration-ms="1310" status="PASS">
          <reporter-output>
          </reporter-output>
        </test-method> <!-- aftertest -->
      </class> <!-- com.SwagLabs.TestCases.InventoryPageTestCase -->
    </test> <!-- Inventory -->
    <test started-at="2024-12-16T09:52:15 GMT-05:00" name="Cart" finished-at="2024-12-16T09:52:20 GMT-05:00" duration-ms="5270">
      <class name="com.SwagLabs.TestCases.CartPageTestCase">
        <test-method is-config="true" signature="setup()[pri:0, instance:com.SwagLabs.TestCases.CartPageTestCase@131774fe]" started-at="2024-12-16T09:52:15 GMT-05:00" name="setup" finished-at="2024-12-16T09:52:17 GMT-05:00" duration-ms="1684" status="PASS">
          <reporter-output>
          </reporter-output>
        </test-method> <!-- setup -->
        <test-method is-config="true" signature="pagesetup()[pri:0, instance:com.SwagLabs.TestCases.CartPageTestCase@131774fe]" started-at="2024-12-16T09:52:17 GMT-05:00" name="pagesetup" finished-at="2024-12-16T09:52:18 GMT-05:00" duration-ms="1395" status="PASS">
          <reporter-output>
          </reporter-output>
        </test-method> <!-- pagesetup -->
        <test-method signature="ValidateRemovebutton()[pri:1, instance:com.SwagLabs.TestCases.CartPageTestCase@131774fe]" started-at="2024-12-16T09:52:18 GMT-05:00" name="ValidateRemovebutton" finished-at="2024-12-16T09:52:18 GMT-05:00" duration-ms="98" status="PASS">
          <reporter-output>
          </reporter-output>
        </test-method> <!-- ValidateRemovebutton -->
        <test-method signature="ValidateContinueShopping()[pri:2, instance:com.SwagLabs.TestCases.CartPageTestCase@131774fe]" started-at="2024-12-16T09:52:18 GMT-05:00" name="ValidateContinueShopping" finished-at="2024-12-16T09:52:19 GMT-05:00" duration-ms="587" status="PASS">
          <reporter-output>
          </reporter-output>
        </test-method> <!-- ValidateContinueShopping -->
        <test-method signature="ValidateCheckout()[pri:3, instance:com.SwagLabs.TestCases.CartPageTestCase@131774fe]" started-at="2024-12-16T09:52:19 GMT-05:00" name="ValidateCheckout" finished-at="2024-12-16T09:52:19 GMT-05:00" duration-ms="196" status="PASS">
          <reporter-output>
          </reporter-output>
        </test-method> <!-- ValidateCheckout -->
        <test-method is-config="true" signature="aftertest()[pri:0, instance:com.SwagLabs.TestCases.CartPageTestCase@131774fe]" started-at="2024-12-16T09:52:19 GMT-05:00" name="aftertest" finished-at="2024-12-16T09:52:20 GMT-05:00" duration-ms="1304" status="PASS">
          <reporter-output>
          </reporter-output>
        </test-method> <!-- aftertest -->
      </class> <!-- com.SwagLabs.TestCases.CartPageTestCase -->
    </test> <!-- Cart -->
    <test started-at="2024-12-16T09:52:20 GMT-05:00" name="CheckOutPageTestCases" finished-at="2024-12-16T09:52:28 GMT-05:00" duration-ms="8143">
      <class name="com.SwagLabs.TestCases.CheckOutPageTestCases">
        <test-method is-config="true" signature="setup()[pri:0, instance:com.SwagLabs.TestCases.CheckOutPageTestCases@2f9f7dcf]" started-at="2024-12-16T09:52:20 GMT-05:00" name="setup" finished-at="2024-12-16T09:52:22 GMT-05:00" duration-ms="1863" status="PASS">
          <reporter-output>
          </reporter-output>
        </test-method> <!-- setup -->
        <test-method is-config="true" signature="pagesetup()[pri:0, instance:com.SwagLabs.TestCases.CheckOutPageTestCases@2f9f7dcf]" started-at="2024-12-16T09:52:22 GMT-05:00" name="pagesetup" finished-at="2024-12-16T09:52:24 GMT-05:00" depends-on-methods="com.SwagLabs.TestCases.BaseClass.setup" duration-ms="1492" status="PASS">
          <reporter-output>
          </reporter-output>
        </test-method> <!-- pagesetup -->
        <test-method signature="AddCustDetails()[pri:1, instance:com.SwagLabs.TestCases.CheckOutPageTestCases@2f9f7dcf]" started-at="2024-12-16T09:52:24 GMT-05:00" name="AddCustDetails" finished-at="2024-12-16T09:52:27 GMT-05:00" duration-ms="3232" status="PASS">
          <reporter-output>
          </reporter-output>
        </test-method> <!-- AddCustDetails -->
        <test-method signature="VerifyContinueCheckOut()[pri:2, instance:com.SwagLabs.TestCases.CheckOutPageTestCases@2f9f7dcf]" started-at="2024-12-16T09:52:27 GMT-05:00" name="VerifyContinueCheckOut" finished-at="2024-12-16T09:52:27 GMT-05:00" duration-ms="281" status="PASS">
          <reporter-output>
          </reporter-output>
        </test-method> <!-- VerifyContinueCheckOut -->
        <test-method is-config="true" signature="aftertest()[pri:0, instance:com.SwagLabs.TestCases.CheckOutPageTestCases@2f9f7dcf]" started-at="2024-12-16T09:52:27 GMT-05:00" name="aftertest" finished-at="2024-12-16T09:52:28 GMT-05:00" duration-ms="1267" status="PASS">
          <reporter-output>
          </reporter-output>
        </test-method> <!-- aftertest -->
      </class> <!-- com.SwagLabs.TestCases.CheckOutPageTestCases -->
    </test> <!-- CheckOutPageTestCases -->
    <test started-at="2024-12-16T09:52:28 GMT-05:00" name="ChekOutPageOverviewTestCases" finished-at="2024-12-16T09:52:37 GMT-05:00" duration-ms="9004">
      <class name="com.SwagLabs.TestCases.ChekOutPageOverviewTestCases">
        <test-method is-config="true" signature="setup()[pri:0, instance:com.SwagLabs.TestCases.ChekOutPageOverviewTestCases@6cf0e0ba]" started-at="2024-12-16T09:52:28 GMT-05:00" name="setup" finished-at="2024-12-16T09:52:30 GMT-05:00" duration-ms="1802" status="PASS">
          <reporter-output>
          </reporter-output>
        </test-method> <!-- setup -->
        <test-method is-config="true" signature="pagesetup()[pri:0, instance:com.SwagLabs.TestCases.ChekOutPageOverviewTestCases@6cf0e0ba]" started-at="2024-12-16T09:52:30 GMT-05:00" name="pagesetup" finished-at="2024-12-16T09:52:35 GMT-05:00" depends-on-methods="com.SwagLabs.TestCases.BaseClass.setup" duration-ms="5366" status="PASS">
          <reporter-output>
          </reporter-output>
        </test-method> <!-- pagesetup -->
        <test-method signature="validateProductnameoncheckout()[pri:1, instance:com.SwagLabs.TestCases.ChekOutPageOverviewTestCases@6cf0e0ba]" started-at="2024-12-16T09:52:35 GMT-05:00" name="validateProductnameoncheckout" finished-at="2024-12-16T09:52:36 GMT-05:00" duration-ms="25" status="PASS">
          <reporter-output>
          </reporter-output>
        </test-method> <!-- validateProductnameoncheckout -->
        <test-method signature="clickonFinishbtn()[pri:2, instance:com.SwagLabs.TestCases.ChekOutPageOverviewTestCases@6cf0e0ba]" started-at="2024-12-16T09:52:36 GMT-05:00" name="clickonFinishbtn" finished-at="2024-12-16T09:52:36 GMT-05:00" duration-ms="394" status="PASS">
          <reporter-output>
          </reporter-output>
        </test-method> <!-- clickonFinishbtn -->
        <test-method is-config="true" signature="aftertest()[pri:0, instance:com.SwagLabs.TestCases.ChekOutPageOverviewTestCases@6cf0e0ba]" started-at="2024-12-16T09:52:36 GMT-05:00" name="aftertest" finished-at="2024-12-16T09:52:37 GMT-05:00" duration-ms="1413" status="PASS">
          <reporter-output>
          </reporter-output>
        </test-method> <!-- aftertest -->
      </class> <!-- com.SwagLabs.TestCases.ChekOutPageOverviewTestCases -->
    </test> <!-- ChekOutPageOverviewTestCases -->
    <test started-at="2024-12-16T09:52:37 GMT-05:00" name="Finish" finished-at="2024-12-16T09:53:04 GMT-05:00" duration-ms="26615">
      <class name="com.SwagLabs.TestCases.FinishPageTestCase">
        <test-method is-config="true" signature="setup()[pri:0, instance:com.SwagLabs.TestCases.FinishPageTestCase@6aeb35e6]" started-at="2024-12-16T09:52:37 GMT-05:00" name="setup" finished-at="2024-12-16T09:52:39 GMT-05:00" duration-ms="1720" status="PASS">
          <reporter-output>
          </reporter-output>
        </test-method> <!-- setup -->
        <test-method is-config="true" signature="pagesetup()[pri:0, instance:com.SwagLabs.TestCases.FinishPageTestCase@6aeb35e6]" started-at="2024-12-16T09:52:39 GMT-05:00" name="pagesetup" finished-at="2024-12-16T09:53:02 GMT-05:00" depends-on-methods="com.SwagLabs.TestCases.BaseClass.setup" duration-ms="23359" status="PASS">
          <reporter-output>
          </reporter-output>
        </test-method> <!-- pagesetup -->
        <test-method signature="VerifyFinishButtonStatus1()[pri:0, instance:com.SwagLabs.TestCases.FinishPageTestCase@6aeb35e6]" started-at="2024-12-16T09:53:02 GMT-05:00" name="VerifyFinishButtonStatus1" finished-at="2024-12-16T09:53:03 GMT-05:00" duration-ms="157" status="PASS">
          <reporter-output>
          </reporter-output>
        </test-method> <!-- VerifyFinishButtonStatus1 -->
        <test-method is-config="true" signature="aftertest()[pri:0, instance:com.SwagLabs.TestCases.FinishPageTestCase@6aeb35e6]" started-at="2024-12-16T09:53:03 GMT-05:00" name="aftertest" finished-at="2024-12-16T09:53:04 GMT-05:00" duration-ms="1377" status="PASS">
          <reporter-output>
          </reporter-output>
        </test-method> <!-- aftertest -->
      </class> <!-- com.SwagLabs.TestCases.FinishPageTestCase -->
    </test> <!-- Finish -->
  </suite> <!-- Suite -->
</testng-results>
