<?xml version="1.0" encoding="UTF-8"?>
<testng-results ignored="0" total="1" passed="1" failed="0" skipped="0">
  <reporter-output>
  </reporter-output>
  <suite started-at="2024-12-10T14:44:12 GMT-05:00" name="Default suite" finished-at="2024-12-10T14:44:47 GMT-05:00" duration-ms="34887">
    <groups>
    </groups>
    <test started-at="2024-12-10T14:44:12 GMT-05:00" name="Default test" finished-at="2024-12-10T14:44:47 GMT-05:00" duration-ms="34887">
      <class name="com.SwagLabs.TestCases.FinishPageTestCase">
        <test-method is-config="true" signature="setup()[pri:0, instance:com.SwagLabs.TestCases.FinishPageTestCase@66f57048]" started-at="2024-12-10T14:44:12 GMT-05:00" name="setup" finished-at="2024-12-10T14:44:20 GMT-05:00" duration-ms="7999" status="PASS">
          <reporter-output>
          </reporter-output>
        </test-method> <!-- setup -->
        <test-method is-config="true" signature="pagesetup()[pri:0, instance:com.SwagLabs.TestCases.FinishPageTestCase@66f57048]" started-at="2024-12-10T14:44:20 GMT-05:00" name="pagesetup" finished-at="2024-12-10T14:44:45 GMT-05:00" depends-on-methods="com.SwagLabs.TestCases.BaseClass.setup" duration-ms="25119" status="PASS">
          <reporter-output>
          </reporter-output>
        </test-method> <!-- pagesetup -->
        <test-method signature="VerifyFinishButtonStatus1()[pri:0, instance:com.SwagLabs.TestCases.FinishPageTestCase@66f57048]" started-at="2024-12-10T14:44:45 GMT-05:00" name="VerifyFinishButtonStatus1" finished-at="2024-12-10T14:44:46 GMT-05:00" duration-ms="176" status="PASS">
          <reporter-output>
          </reporter-output>
        </test-method> <!-- VerifyFinishButtonStatus1 -->
        <test-method is-config="true" signature="aftertest()[pri:0, instance:com.SwagLabs.TestCases.FinishPageTestCase@66f57048]" started-at="2024-12-10T14:44:46 GMT-05:00" name="aftertest" finished-at="2024-12-10T14:44:47 GMT-05:00" duration-ms="1562" status="PASS">
          <reporter-output>
          </reporter-output>
        </test-method> <!-- aftertest -->
      </class> <!-- com.SwagLabs.TestCases.FinishPageTestCase -->
    </test> <!-- Default test -->
  </suite> <!-- Default suite -->
</testng-results>
